#! /usr/bin/vvp
:ivl_version "10.1 (stable)";
:ivl_delay_selection "TYPICAL";
:vpi_time_precision - 9;
:vpi_module "system";
:vpi_module "vhdl_sys";
:vpi_module "v2005_math";
:vpi_module "va_math";
S_0x55626b32bb40 .scope module, "testbench" "testbench" 2 2;
 .timescale -9 -9;
P_0x55626b32bcc0 .param/l "myInput0" 0 2 11, C4<10001000110001000110101011010101>;
P_0x55626b32bd00 .param/l "myInput1" 0 2 12, C4<10101011010101100010001100010001>;
P_0x55626b32bd40 .param/l "myInput2" 0 2 13, C4<10101011000100011010101100010001>;
P_0x55626b32bd80 .param/l "myInput3" 0 2 14, C4<10001000110101011010101100010001>;
P_0x55626b32bdc0 .param/l "myInput4" 0 2 15, C4<11111111111111111111111111111111>;
v0x55626b34c820_0 .var "clk", 0 0;
v0x55626b34c8e0_0 .net "cs", 3 0, v0x55626b34c490_0;  1 drivers
v0x55626b34c9b0_0 .var/i "i", 31 0;
v0x55626b34ca80_0 .net "ns", 3 0, v0x55626b34c2e0_0;  1 drivers
v0x55626b34cb70_0 .var "rst", 0 0;
v0x55626b34cc60_0 .var "x", 0 0;
v0x55626b34cd30_0 .net "y", 1 0, v0x55626b34c680_0;  1 drivers
S_0x55626b32be10 .scope module, "s" "source" 2 20, 3 3 0, S_0x55626b32bb40;
 .timescale -9 -9;
    .port_info 0 /OUTPUT 2 "y"
    .port_info 1 /OUTPUT 4 "stateReg"
    .port_info 2 /OUTPUT 4 "nextStateReg"
    .port_info 3 /INPUT 1 "x"
    .port_info 4 /INPUT 1 "rst"
    .port_info 5 /INPUT 1 "clk"
P_0x55626b32bf90 .param/l "S0" 0 3 9, C4<0000>;
P_0x55626b32bfd0 .param/l "S1" 0 3 10, C4<0001>;
P_0x55626b32c010 .param/l "S2" 0 3 11, C4<0010>;
P_0x55626b32c050 .param/l "S3" 0 3 12, C4<0011>;
P_0x55626b32c090 .param/l "S4" 0 3 13, C4<0100>;
P_0x55626b32c0d0 .param/l "S5" 0 3 14, C4<0101>;
P_0x55626b32c110 .param/l "S6" 0 3 15, C4<0110>;
P_0x55626b32c150 .param/l "S7" 0 3 16, C4<0111>;
P_0x55626b32c190 .param/l "S8" 0 3 17, C4<1000>;
v0x55626b32c500_0 .net "clk", 0 0, v0x55626b34c820_0;  1 drivers
v0x55626b34c2e0_0 .var "nextStateReg", 3 0;
v0x55626b34c3c0_0 .net "rst", 0 0, v0x55626b34cb70_0;  1 drivers
v0x55626b34c490_0 .var "stateReg", 3 0;
v0x55626b34c570_0 .net "x", 0 0, v0x55626b34cc60_0;  1 drivers
v0x55626b34c680_0 .var "y", 1 0;
E_0x55626b30d740 .event posedge, v0x55626b32c500_0;
E_0x55626b30c980 .event edge, v0x55626b34c490_0, v0x55626b34c570_0;
    .scope S_0x55626b32be10;
T_0 ;
    %wait E_0x55626b30c980;
    %load/vec4 v0x55626b34c490_0;
    %dup/vec4;
    %pushi/vec4 0, 0, 4;
    %cmp/u;
    %jmp/1 T_0.0, 6;
    %dup/vec4;
    %pushi/vec4 1, 0, 4;
    %cmp/u;
    %jmp/1 T_0.1, 6;
    %dup/vec4;
    %pushi/vec4 2, 0, 4;
    %cmp/u;
    %jmp/1 T_0.2, 6;
    %dup/vec4;
    %pushi/vec4 3, 0, 4;
    %cmp/u;
    %jmp/1 T_0.3, 6;
    %dup/vec4;
    %pushi/vec4 4, 0, 4;
    %cmp/u;
    %jmp/1 T_0.4, 6;
    %dup/vec4;
    %pushi/vec4 5, 0, 4;
    %cmp/u;
    %jmp/1 T_0.5, 6;
    %dup/vec4;
    %pushi/vec4 6, 0, 4;
    %cmp/u;
    %jmp/1 T_0.6, 6;
    %dup/vec4;
    %pushi/vec4 7, 0, 4;
    %cmp/u;
    %jmp/1 T_0.7, 6;
    %dup/vec4;
    %pushi/vec4 8, 0, 4;
    %cmp/u;
    %jmp/1 T_0.8, 6;
    %jmp T_0.9;
T_0.0 ;
    %load/vec4 v0x55626b34c570_0;
    %pad/u 32;
    %cmpi/e 0, 0, 32;
    %jmp/0xz  T_0.10, 4;
    %pushi/vec4 0, 0, 4;
    %assign/vec4 v0x55626b34c2e0_0, 0;
    %jmp T_0.11;
T_0.10 ;
    %pushi/vec4 1, 0, 4;
    %assign/vec4 v0x55626b34c2e0_0, 0;
T_0.11 ;
    %pushi/vec4 0, 0, 2;
    %assign/vec4 v0x55626b34c680_0, 0;
    %jmp T_0.9;
T_0.1 ;
    %load/vec4 v0x55626b34c570_0;
    %pad/u 32;
    %cmpi/e 0, 0, 32;
    %jmp/0xz  T_0.12, 4;
    %pushi/vec4 2, 0, 4;
    %assign/vec4 v0x55626b34c2e0_0, 0;
    %jmp T_0.13;
T_0.12 ;
    %pushi/vec4 1, 0, 4;
    %assign/vec4 v0x55626b34c2e0_0, 0;
T_0.13 ;
    %pushi/vec4 0, 0, 2;
    %assign/vec4 v0x55626b34c680_0, 0;
    %jmp T_0.9;
T_0.2 ;
    %load/vec4 v0x55626b34c570_0;
    %pad/u 32;
    %cmpi/e 0, 0, 32;
    %jmp/0xz  T_0.14, 4;
    %pushi/vec4 3, 0, 4;
    %assign/vec4 v0x55626b34c2e0_0, 0;
    %jmp T_0.15;
T_0.14 ;
    %pushi/vec4 6, 0, 4;
    %assign/vec4 v0x55626b34c2e0_0, 0;
T_0.15 ;
    %pushi/vec4 0, 0, 2;
    %assign/vec4 v0x55626b34c680_0, 0;
    %jmp T_0.9;
T_0.3 ;
    %load/vec4 v0x55626b34c570_0;
    %pad/u 32;
    %cmpi/e 0, 0, 32;
    %jmp/0xz  T_0.16, 4;
    %pushi/vec4 4, 0, 4;
    %assign/vec4 v0x55626b34c2e0_0, 0;
    %jmp T_0.17;
T_0.16 ;
    %pushi/vec4 1, 0, 4;
    %assign/vec4 v0x55626b34c2e0_0, 0;
T_0.17 ;
    %pushi/vec4 0, 0, 2;
    %assign/vec4 v0x55626b34c680_0, 0;
    %jmp T_0.9;
T_0.4 ;
    %load/vec4 v0x55626b34c570_0;
    %pad/u 32;
    %cmpi/e 0, 0, 32;
    %jmp/0xz  T_0.18, 4;
    %pushi/vec4 0, 0, 4;
    %assign/vec4 v0x55626b34c2e0_0, 0;
    %jmp T_0.19;
T_0.18 ;
    %pushi/vec4 5, 0, 4;
    %assign/vec4 v0x55626b34c2e0_0, 0;
T_0.19 ;
    %pushi/vec4 0, 0, 2;
    %assign/vec4 v0x55626b34c680_0, 0;
    %jmp T_0.9;
T_0.5 ;
    %load/vec4 v0x55626b34c570_0;
    %pad/u 32;
    %cmpi/e 0, 0, 32;
    %jmp/0xz  T_0.20, 4;
    %pushi/vec4 2, 0, 4;
    %assign/vec4 v0x55626b34c2e0_0, 0;
    %jmp T_0.21;
T_0.20 ;
    %pushi/vec4 1, 0, 4;
    %assign/vec4 v0x55626b34c2e0_0, 0;
T_0.21 ;
    %pushi/vec4 1, 0, 2;
    %assign/vec4 v0x55626b34c680_0, 0;
    %jmp T_0.9;
T_0.6 ;
    %load/vec4 v0x55626b34c570_0;
    %pad/u 32;
    %cmpi/e 0, 0, 32;
    %jmp/0xz  T_0.22, 4;
    %pushi/vec4 7, 0, 4;
    %assign/vec4 v0x55626b34c2e0_0, 0;
    %jmp T_0.23;
T_0.22 ;
    %pushi/vec4 1, 0, 4;
    %assign/vec4 v0x55626b34c2e0_0, 0;
T_0.23 ;
    %pushi/vec4 0, 0, 2;
    %assign/vec4 v0x55626b34c680_0, 0;
    %jmp T_0.9;
T_0.7 ;
    %load/vec4 v0x55626b34c570_0;
    %pad/u 32;
    %cmpi/e 0, 0, 32;
    %jmp/0xz  T_0.24, 4;
    %pushi/vec4 3, 0, 4;
    %assign/vec4 v0x55626b34c2e0_0, 0;
    %jmp T_0.25;
T_0.24 ;
    %pushi/vec4 8, 0, 4;
    %assign/vec4 v0x55626b34c2e0_0, 0;
T_0.25 ;
    %pushi/vec4 0, 0, 2;
    %assign/vec4 v0x55626b34c680_0, 0;
    %jmp T_0.9;
T_0.8 ;
    %load/vec4 v0x55626b34c570_0;
    %pad/u 32;
    %cmpi/e 0, 0, 32;
    %jmp/0xz  T_0.26, 4;
    %pushi/vec4 7, 0, 4;
    %assign/vec4 v0x55626b34c2e0_0, 0;
    %jmp T_0.27;
T_0.26 ;
    %pushi/vec4 1, 0, 4;
    %assign/vec4 v0x55626b34c2e0_0, 0;
T_0.27 ;
    %pushi/vec4 3, 0, 2;
    %assign/vec4 v0x55626b34c680_0, 0;
    %jmp T_0.9;
T_0.9 ;
    %pop/vec4 1;
    %jmp T_0;
    .thread T_0, $push;
    .scope S_0x55626b32be10;
T_1 ;
    %wait E_0x55626b30d740;
    %load/vec4 v0x55626b34c3c0_0;
    %flag_set/vec4 8;
    %jmp/0xz  T_1.0, 8;
    %pushi/vec4 0, 0, 4;
    %assign/vec4 v0x55626b34c490_0, 0;
    %jmp T_1.1;
T_1.0 ;
    %load/vec4 v0x55626b34c2e0_0;
    %assign/vec4 v0x55626b34c490_0, 0;
T_1.1 ;
    %jmp T_1;
    .thread T_1;
    .scope S_0x55626b32bb40;
T_2 ;
    %vpi_call 2 23 "$dumpfile", "TimingDiagram.vcd" {0 0 0};
    %vpi_call 2 24 "$dumpvars", 32'sb00000000000000000000000000000000, v0x55626b34cd30_0, v0x55626b34c8e0_0, v0x55626b34ca80_0, v0x55626b34cc60_0, v0x55626b34cb70_0, v0x55626b34c820_0 {0 0 0};
    %pushi/vec4 1, 0, 1;
    %store/vec4 v0x55626b34cb70_0, 0, 1;
    %pushi/vec4 0, 0, 1;
    %store/vec4 v0x55626b34cc60_0, 0, 1;
    %delay 20, 0;
    %pushi/vec4 0, 0, 1;
    %store/vec4 v0x55626b34cb70_0, 0, 1;
    %pushi/vec4 31, 0, 32;
    %store/vec4 v0x55626b34c9b0_0, 0, 32;
T_2.0 ;
    %pushi/vec4 0, 0, 32;
    %load/vec4 v0x55626b34c9b0_0;
    %cmp/s;
    %flag_or 5, 4;
    %jmp/0xz T_2.1, 5;
    %pushi/vec4 2294573781, 0, 32;
    %load/vec4 v0x55626b34c9b0_0;
    %part/s 1;
    %store/vec4 v0x55626b34cc60_0, 0, 1;
    %delay 40, 0;
    %load/vec4 v0x55626b34c9b0_0;
    %pushi/vec4 1, 0, 32;
    %sub;
    %store/vec4 v0x55626b34c9b0_0, 0, 32;
    %jmp T_2.0;
T_2.1 ;
    %pushi/vec4 1, 0, 1;
    %store/vec4 v0x55626b34cb70_0, 0, 1;
    %pushi/vec4 0, 0, 1;
    %store/vec4 v0x55626b34cc60_0, 0, 1;
    %delay 50, 0;
    %pushi/vec4 0, 0, 1;
    %store/vec4 v0x55626b34cb70_0, 0, 1;
    %pushi/vec4 31, 0, 32;
    %store/vec4 v0x55626b34c9b0_0, 0, 32;
T_2.2 ;
    %pushi/vec4 0, 0, 32;
    %load/vec4 v0x55626b34c9b0_0;
    %cmp/s;
    %flag_or 5, 4;
    %jmp/0xz T_2.3, 5;
    %pushi/vec4 2874549009, 0, 32;
    %load/vec4 v0x55626b34c9b0_0;
    %part/s 1;
    %store/vec4 v0x55626b34cc60_0, 0, 1;
    %delay 40, 0;
    %load/vec4 v0x55626b34c9b0_0;
    %pushi/vec4 1, 0, 32;
    %sub;
    %store/vec4 v0x55626b34c9b0_0, 0, 32;
    %jmp T_2.2;
T_2.3 ;
    %pushi/vec4 1, 0, 1;
    %store/vec4 v0x55626b34cb70_0, 0, 1;
    %pushi/vec4 0, 0, 1;
    %store/vec4 v0x55626b34cc60_0, 0, 1;
    %delay 50, 0;
    %pushi/vec4 0, 0, 1;
    %store/vec4 v0x55626b34cb70_0, 0, 1;
    %pushi/vec4 31, 0, 32;
    %store/vec4 v0x55626b34c9b0_0, 0, 32;
T_2.4 ;
    %pushi/vec4 0, 0, 32;
    %load/vec4 v0x55626b34c9b0_0;
    %cmp/s;
    %flag_or 5, 4;
    %jmp/0xz T_2.5, 5;
    %pushi/vec4 2870061841, 0, 32;
    %load/vec4 v0x55626b34c9b0_0;
    %part/s 1;
    %store/vec4 v0x55626b34cc60_0, 0, 1;
    %delay 40, 0;
    %load/vec4 v0x55626b34c9b0_0;
    %pushi/vec4 1, 0, 32;
    %sub;
    %store/vec4 v0x55626b34c9b0_0, 0, 32;
    %jmp T_2.4;
T_2.5 ;
    %pushi/vec4 1, 0, 1;
    %store/vec4 v0x55626b34cb70_0, 0, 1;
    %pushi/vec4 0, 0, 1;
    %store/vec4 v0x55626b34cc60_0, 0, 1;
    %delay 50, 0;
    %pushi/vec4 0, 0, 1;
    %store/vec4 v0x55626b34cb70_0, 0, 1;
    %pushi/vec4 31, 0, 32;
    %store/vec4 v0x55626b34c9b0_0, 0, 32;
T_2.6 ;
    %pushi/vec4 0, 0, 32;
    %load/vec4 v0x55626b34c9b0_0;
    %cmp/s;
    %flag_or 5, 4;
    %jmp/0xz T_2.7, 5;
    %pushi/vec4 2295704337, 0, 32;
    %load/vec4 v0x55626b34c9b0_0;
    %part/s 1;
    %store/vec4 v0x55626b34cc60_0, 0, 1;
    %delay 40, 0;
    %load/vec4 v0x55626b34c9b0_0;
    %pushi/vec4 1, 0, 32;
    %sub;
    %store/vec4 v0x55626b34c9b0_0, 0, 32;
    %jmp T_2.6;
T_2.7 ;
    %pushi/vec4 1, 0, 1;
    %store/vec4 v0x55626b34cb70_0, 0, 1;
    %pushi/vec4 0, 0, 1;
    %store/vec4 v0x55626b34cc60_0, 0, 1;
    %delay 50, 0;
    %pushi/vec4 0, 0, 1;
    %store/vec4 v0x55626b34cb70_0, 0, 1;
    %pushi/vec4 31, 0, 32;
    %store/vec4 v0x55626b34c9b0_0, 0, 32;
T_2.8 ;
    %pushi/vec4 0, 0, 32;
    %load/vec4 v0x55626b34c9b0_0;
    %cmp/s;
    %flag_or 5, 4;
    %jmp/0xz T_2.9, 5;
    %pushi/vec4 4294967295, 0, 32;
    %load/vec4 v0x55626b34c9b0_0;
    %part/s 1;
    %store/vec4 v0x55626b34cc60_0, 0, 1;
    %delay 40, 0;
    %load/vec4 v0x55626b34c9b0_0;
    %pushi/vec4 1, 0, 32;
    %sub;
    %store/vec4 v0x55626b34c9b0_0, 0, 32;
    %jmp T_2.8;
T_2.9 ;
    %vpi_call 2 82 "$finish" {0 0 0};
    %end;
    .thread T_2;
    .scope S_0x55626b32bb40;
T_3 ;
    %pushi/vec4 1, 0, 1;
    %store/vec4 v0x55626b34c820_0, 0, 1;
    %delay 20, 0;
    %pushi/vec4 0, 0, 1;
    %store/vec4 v0x55626b34c820_0, 0, 1;
    %delay 20, 0;
    %jmp T_3;
    .thread T_3;
# The file index is used to find the file name in the following table.
:file_names 4;
    "N/A";
    "<interactive>";
    "testbench.v";
    "source.v";
