#! /usr/bin/vvp
:ivl_version "10.1 (stable)";
:ivl_delay_selection "TYPICAL";
:vpi_time_precision - 9;
:vpi_module "system";
:vpi_module "vhdl_sys";
:vpi_module "v2005_math";
:vpi_module "va_math";
S_0x562a21de7a50 .scope module, "testbench" "testbench" 2 2;
 .timescale -9 -9;
v0x562a21e083d0_0 .var "X", 0 0;
v0x562a21e08490_0 .net "Y", 1 0, v0x562a21e07ed0_0;  1 drivers
v0x562a21e08560_0 .var "clk", 0 0;
v0x562a21e08660_0 .var "reset", 0 0;
S_0x562a21de7bd0 .scope module, "fsm" "FSM" 2 10, 3 3 0, S_0x562a21de7a50;
 .timescale -9 -9;
    .port_info 0 /OUTPUT 2 "Y"
    .port_info 1 /INPUT 1 "X"
    .port_info 2 /INPUT 1 "reset"
    .port_info 3 /INPUT 1 "clk"
P_0x562a21de0b10 .param/l "S0" 0 3 10, C4<00>;
P_0x562a21de0b50 .param/l "S1" 0 3 11, C4<01>;
P_0x562a21de0b90 .param/l "S2" 0 3 12, C4<10>;
P_0x562a21de0bd0 .param/l "S3" 0 3 13, C4<11>;
v0x562a21de7e90_0 .net "X", 0 0, v0x562a21e083d0_0;  1 drivers
v0x562a21e07ed0_0 .var "Y", 1 0;
v0x562a21e07fb0_0 .net "clk", 0 0, v0x562a21e08560_0;  1 drivers
v0x562a21e08080_0 .var "currentState", 1 0;
v0x562a21e08160_0 .var "nextState", 1 0;
v0x562a21e08290_0 .net "reset", 0 0, v0x562a21e08660_0;  1 drivers
E_0x562a21da2d80 .event posedge, v0x562a21e07fb0_0;
E_0x562a21dd7980 .event edge, v0x562a21e08080_0, v0x562a21de7e90_0;
    .scope S_0x562a21de7bd0;
T_0 ;
    %pushi/vec4 0, 0, 2;
    %assign/vec4 v0x562a21e08080_0, 0;
    %end;
    .thread T_0;
    .scope S_0x562a21de7bd0;
T_1 ;
    %wait E_0x562a21dd7980;
    %load/vec4 v0x562a21e08080_0;
    %dup/vec4;
    %pushi/vec4 0, 0, 2;
    %cmp/u;
    %jmp/1 T_1.0, 6;
    %dup/vec4;
    %pushi/vec4 1, 0, 2;
    %cmp/u;
    %jmp/1 T_1.1, 6;
    %dup/vec4;
    %pushi/vec4 2, 0, 2;
    %cmp/u;
    %jmp/1 T_1.2, 6;
    %dup/vec4;
    %pushi/vec4 3, 0, 2;
    %cmp/u;
    %jmp/1 T_1.3, 6;
    %jmp T_1.4;
T_1.0 ;
    %load/vec4 v0x562a21de7e90_0;
    %pad/u 32;
    %cmpi/e 0, 0, 32;
    %jmp/0xz  T_1.5, 4;
    %pushi/vec4 0, 0, 2;
    %assign/vec4 v0x562a21e08160_0, 0;
    %pushi/vec4 1, 0, 2;
    %assign/vec4 v0x562a21e07ed0_0, 0;
    %jmp T_1.6;
T_1.5 ;
    %pushi/vec4 2, 0, 2;
    %assign/vec4 v0x562a21e08160_0, 0;
    %pushi/vec4 0, 0, 2;
    %assign/vec4 v0x562a21e07ed0_0, 0;
T_1.6 ;
    %jmp T_1.4;
T_1.1 ;
    %load/vec4 v0x562a21de7e90_0;
    %pad/u 32;
    %cmpi/e 0, 0, 32;
    %jmp/0xz  T_1.7, 4;
    %pushi/vec4 0, 0, 2;
    %assign/vec4 v0x562a21e08160_0, 0;
    %pushi/vec4 0, 0, 2;
    %assign/vec4 v0x562a21e07ed0_0, 0;
    %jmp T_1.8;
T_1.7 ;
    %pushi/vec4 1, 0, 2;
    %assign/vec4 v0x562a21e08160_0, 0;
    %pushi/vec4 1, 0, 2;
    %assign/vec4 v0x562a21e07ed0_0, 0;
T_1.8 ;
    %jmp T_1.4;
T_1.2 ;
    %load/vec4 v0x562a21de7e90_0;
    %pad/u 32;
    %cmpi/e 0, 0, 32;
    %jmp/0xz  T_1.9, 4;
    %pushi/vec4 1, 0, 2;
    %assign/vec4 v0x562a21e08160_0, 0;
    %pushi/vec4 2, 0, 2;
    %assign/vec4 v0x562a21e07ed0_0, 0;
    %jmp T_1.10;
T_1.9 ;
    %pushi/vec4 0, 0, 2;
    %assign/vec4 v0x562a21e08160_0, 0;
    %pushi/vec4 0, 0, 2;
    %assign/vec4 v0x562a21e07ed0_0, 0;
T_1.10 ;
    %jmp T_1.4;
T_1.3 ;
    %load/vec4 v0x562a21de7e90_0;
    %pad/u 32;
    %cmpi/e 0, 0, 32;
    %jmp/0xz  T_1.11, 4;
    %pushi/vec4 3, 0, 2;
    %assign/vec4 v0x562a21e08160_0, 0;
    %pushi/vec4 2, 0, 2;
    %assign/vec4 v0x562a21e07ed0_0, 0;
    %jmp T_1.12;
T_1.11 ;
    %pushi/vec4 3, 0, 2;
    %assign/vec4 v0x562a21e08160_0, 0;
    %pushi/vec4 0, 0, 2;
    %assign/vec4 v0x562a21e07ed0_0, 0;
T_1.12 ;
    %jmp T_1.4;
T_1.4 ;
    %pop/vec4 1;
    %jmp T_1;
    .thread T_1, $push;
    .scope S_0x562a21de7bd0;
T_2 ;
    %wait E_0x562a21da2d80;
    %load/vec4 v0x562a21e08290_0;
    %flag_set/vec4 8;
    %jmp/0xz  T_2.0, 8;
    %pushi/vec4 0, 0, 2;
    %assign/vec4 v0x562a21e08080_0, 0;
    %jmp T_2.1;
T_2.0 ;
    %load/vec4 v0x562a21e08160_0;
    %assign/vec4 v0x562a21e08080_0, 0;
T_2.1 ;
    %jmp T_2;
    .thread T_2;
    .scope S_0x562a21de7a50;
T_3 ;
    %vpi_call 2 13 "$dumpfile", "TimingDiagram.vcd" {0 0 0};
    %vpi_call 2 14 "$dumpvars", 32'sb00000000000000000000000000000000, S_0x562a21de7bd0, v0x562a21e08490_0, v0x562a21e083d0_0, v0x562a21e08660_0, v0x562a21e08560_0 {0 0 0};
    %pushi/vec4 1, 0, 1;
    %store/vec4 v0x562a21e08660_0, 0, 1;
    %pushi/vec4 0, 0, 1;
    %store/vec4 v0x562a21e083d0_0, 0, 1;
    %delay 30, 0;
    %pushi/vec4 0, 0, 1;
    %store/vec4 v0x562a21e08660_0, 0, 1;
    %pushi/vec4 0, 0, 1;
    %store/vec4 v0x562a21e083d0_0, 0, 1;
    %delay 40, 0;
    %pushi/vec4 1, 0, 1;
    %store/vec4 v0x562a21e083d0_0, 0, 1;
    %delay 40, 0;
    %pushi/vec4 1, 0, 1;
    %store/vec4 v0x562a21e083d0_0, 0, 1;
    %delay 40, 0;
    %pushi/vec4 1, 0, 1;
    %store/vec4 v0x562a21e083d0_0, 0, 1;
    %delay 40, 0;
    %pushi/vec4 1, 0, 1;
    %store/vec4 v0x562a21e083d0_0, 0, 1;
    %delay 40, 0;
    %pushi/vec4 0, 0, 1;
    %store/vec4 v0x562a21e083d0_0, 0, 1;
    %delay 40, 0;
    %pushi/vec4 0, 0, 1;
    %store/vec4 v0x562a21e083d0_0, 0, 1;
    %delay 40, 0;
    %pushi/vec4 1, 0, 1;
    %store/vec4 v0x562a21e083d0_0, 0, 1;
    %delay 40, 0;
    %delay 80, 0;
    %vpi_call 2 39 "$finish" {0 0 0};
    %end;
    .thread T_3;
    .scope S_0x562a21de7a50;
T_4 ;
    %pushi/vec4 0, 0, 1;
    %store/vec4 v0x562a21e08560_0, 0, 1;
    %delay 20, 0;
    %pushi/vec4 1, 0, 1;
    %store/vec4 v0x562a21e08560_0, 0, 1;
    %delay 20, 0;
    %jmp T_4;
    .thread T_4;
# The file index is used to find the file name in the following table.
:file_names 4;
    "N/A";
    "<interactive>";
    "FSM_Testbench.v";
    "FSM.v";
