#! /usr/bin/vvp
:ivl_version "10.1 (stable)";
:ivl_delay_selection "TYPICAL";
:vpi_time_precision - 9;
:vpi_module "system";
:vpi_module "vhdl_sys";
:vpi_module "v2005_math";
:vpi_module "va_math";
S_0x55f4df53e6f0 .scope module, "TestBench" "TestBench" 2 2;
 .timescale -9 -9;
L_0x55f4df55fce0 .functor NOT 1, L_0x55f4df55fdd0, C4<0>, C4<0>, C4<0>;
L_0x55f4df55fec0 .functor OR 1, L_0x55f4df55ff80, L_0x55f4df560070, C4<0>, C4<0>;
L_0x55f4df560160 .functor NOT 1, L_0x55f4df55fec0, C4<0>, C4<0>, C4<0>;
L_0x55f4df5601d0 .functor NOT 1, L_0x55f4df560270, C4<0>, C4<0>, C4<0>;
L_0x55f4df5603e0 .functor XNOR 1, L_0x55f4df560480, L_0x55f4df560570, C4<0>, C4<0>;
v0x55f4df55eed0_0 .net "OutputMux", 0 0, v0x55f4df55edb0_0;  1 drivers
v0x55f4df55efa0_0 .var "SelectionMux", 2 0;
v0x55f4df55f070_0 .net *"_s11", 0 0, L_0x55f4df560270;  1 drivers
v0x55f4df55f140_0 .net *"_s14", 0 0, L_0x55f4df560480;  1 drivers
v0x55f4df55f220_0 .net *"_s16", 0 0, L_0x55f4df560570;  1 drivers
L_0x7f0eed99e018 .functor BUFT 1, C4<0>, C4<0>, C4<0>, C4<0>;
v0x55f4df55f350_0 .net/2u *"_s17", 0 0, L_0x7f0eed99e018;  1 drivers
v0x55f4df55f430_0 .net *"_s2", 0 0, L_0x55f4df55fdd0;  1 drivers
v0x55f4df55f510_0 .net *"_s20", 0 0, L_0x55f4df5606a0;  1 drivers
v0x55f4df55f5f0_0 .net *"_s5", 0 0, L_0x55f4df55ff80;  1 drivers
v0x55f4df55f6d0_0 .net *"_s7", 0 0, L_0x55f4df560070;  1 drivers
v0x55f4df55f7b0_0 .var "inputDecoder", 1 0;
v0x55f4df55f870_0 .net "notThreeOutput", 0 0, L_0x55f4df560160;  1 drivers
v0x55f4df55f910_0 .net "outputDecoder", 3 0, v0x55f4df55e830_0;  1 drivers
v0x55f4df55fa00_0 .net "threeOutput", 0 0, L_0x55f4df55fec0;  1 drivers
v0x55f4df55faa0_0 .net "twoOutput", 0 0, L_0x55f4df5601d0;  1 drivers
v0x55f4df55fb60_0 .net "zeroInput", 0 0, L_0x55f4df55fce0;  1 drivers
v0x55f4df55fc20_0 .net "zeroOneInput", 0 0, L_0x55f4df5603e0;  1 drivers
L_0x55f4df55fdd0 .part v0x55f4df55f7b0_0, 1, 1;
L_0x55f4df55ff80 .part v0x55f4df55f7b0_0, 0, 1;
L_0x55f4df560070 .part v0x55f4df55f7b0_0, 1, 1;
L_0x55f4df560270 .part v0x55f4df55e830_0, 1, 1;
L_0x55f4df560480 .part v0x55f4df55f7b0_0, 1, 1;
L_0x55f4df560570 .part v0x55f4df55f7b0_0, 0, 1;
L_0x55f4df5606a0 .part v0x55f4df55f7b0_0, 1, 1;
LS_0x55f4df560740_0_0 .concat [ 1 1 1 1], L_0x55f4df5603e0, L_0x55f4df55fec0, L_0x55f4df560160, L_0x55f4df5606a0;
LS_0x55f4df560740_0_4 .concat [ 1 1 1 1], L_0x55f4df560160, L_0x55f4df5601d0, L_0x55f4df55fce0, L_0x7f0eed99e018;
L_0x55f4df560740 .concat [ 4 4 0 0], LS_0x55f4df560740_0_0, LS_0x55f4df560740_0_4;
S_0x55f4df53e870 .scope module, "decoder24" "decoder24" 2 12, 3 2 0, S_0x55f4df53e6f0;
 .timescale -9 -9;
    .port_info 0 /OUTPUT 4 "Y"
    .port_info 1 /INPUT 2 "X"
v0x55f4df53e9f0_0 .net "X", 1 0, v0x55f4df55f7b0_0;  1 drivers
v0x55f4df55e830_0 .var "Y", 3 0;
E_0x55f4df527640 .event edge, v0x55f4df53e9f0_0;
S_0x55f4df55e970 .scope module, "multiplexer81" "multiplexer81" 2 26, 4 2 0, S_0x55f4df53e6f0;
 .timescale -9 -9;
    .port_info 0 /OUTPUT 1 "Y"
    .port_info 1 /INPUT 8 "X"
    .port_info 2 /INPUT 3 "S"
v0x55f4df55ebd0_0 .net "S", 2 0, v0x55f4df55efa0_0;  1 drivers
v0x55f4df55ecd0_0 .net "X", 0 7, L_0x55f4df560740;  1 drivers
v0x55f4df55edb0_0 .var "Y", 0 0;
E_0x55f4df5278c0 .event edge, v0x55f4df55ebd0_0, v0x55f4df55ecd0_0;
    .scope S_0x55f4df53e870;
T_0 ;
    %wait E_0x55f4df527640;
    %load/vec4 v0x55f4df53e9f0_0;
    %dup/vec4;
    %pushi/vec4 0, 0, 2;
    %cmp/u;
    %jmp/1 T_0.0, 6;
    %dup/vec4;
    %pushi/vec4 1, 0, 2;
    %cmp/u;
    %jmp/1 T_0.1, 6;
    %dup/vec4;
    %pushi/vec4 2, 0, 2;
    %cmp/u;
    %jmp/1 T_0.2, 6;
    %pushi/vec4 0, 0, 4;
    %assign/vec4 v0x55f4df55e830_0, 0;
    %jmp T_0.4;
T_0.0 ;
    %pushi/vec4 1, 0, 4;
    %assign/vec4 v0x55f4df55e830_0, 0;
    %jmp T_0.4;
T_0.1 ;
    %pushi/vec4 2, 0, 4;
    %assign/vec4 v0x55f4df55e830_0, 0;
    %jmp T_0.4;
T_0.2 ;
    %pushi/vec4 4, 0, 4;
    %assign/vec4 v0x55f4df55e830_0, 0;
    %jmp T_0.4;
T_0.4 ;
    %pop/vec4 1;
    %jmp T_0;
    .thread T_0, $push;
    .scope S_0x55f4df55e970;
T_1 ;
    %wait E_0x55f4df5278c0;
    %load/vec4 v0x55f4df55ebd0_0;
    %dup/vec4;
    %pushi/vec4 0, 0, 3;
    %cmp/u;
    %jmp/1 T_1.0, 6;
    %dup/vec4;
    %pushi/vec4 1, 0, 3;
    %cmp/u;
    %jmp/1 T_1.1, 6;
    %dup/vec4;
    %pushi/vec4 2, 0, 3;
    %cmp/u;
    %jmp/1 T_1.2, 6;
    %dup/vec4;
    %pushi/vec4 3, 0, 3;
    %cmp/u;
    %jmp/1 T_1.3, 6;
    %dup/vec4;
    %pushi/vec4 4, 0, 3;
    %cmp/u;
    %jmp/1 T_1.4, 6;
    %dup/vec4;
    %pushi/vec4 5, 0, 3;
    %cmp/u;
    %jmp/1 T_1.5, 6;
    %dup/vec4;
    %pushi/vec4 6, 0, 3;
    %cmp/u;
    %jmp/1 T_1.6, 6;
    %load/vec4 v0x55f4df55ecd0_0;
    %parti/s 1, 0, 2;
    %assign/vec4 v0x55f4df55edb0_0, 0;
    %jmp T_1.8;
T_1.0 ;
    %load/vec4 v0x55f4df55ecd0_0;
    %parti/s 1, 7, 4;
    %assign/vec4 v0x55f4df55edb0_0, 0;
    %jmp T_1.8;
T_1.1 ;
    %load/vec4 v0x55f4df55ecd0_0;
    %parti/s 1, 6, 4;
    %assign/vec4 v0x55f4df55edb0_0, 0;
    %jmp T_1.8;
T_1.2 ;
    %load/vec4 v0x55f4df55ecd0_0;
    %parti/s 1, 5, 4;
    %assign/vec4 v0x55f4df55edb0_0, 0;
    %jmp T_1.8;
T_1.3 ;
    %load/vec4 v0x55f4df55ecd0_0;
    %parti/s 1, 4, 4;
    %assign/vec4 v0x55f4df55edb0_0, 0;
    %jmp T_1.8;
T_1.4 ;
    %load/vec4 v0x55f4df55ecd0_0;
    %parti/s 1, 3, 3;
    %assign/vec4 v0x55f4df55edb0_0, 0;
    %jmp T_1.8;
T_1.5 ;
    %load/vec4 v0x55f4df55ecd0_0;
    %parti/s 1, 2, 3;
    %assign/vec4 v0x55f4df55edb0_0, 0;
    %jmp T_1.8;
T_1.6 ;
    %load/vec4 v0x55f4df55ecd0_0;
    %parti/s 1, 1, 2;
    %assign/vec4 v0x55f4df55edb0_0, 0;
    %jmp T_1.8;
T_1.8 ;
    %pop/vec4 1;
    %jmp T_1;
    .thread T_1, $push;
    .scope S_0x55f4df53e6f0;
T_2 ;
    %vpi_call 2 31 "$dumpfile", "test.vcd" {0 0 0};
    %vpi_call 2 32 "$dumpvars", 32'sb00000000000000000000000000000000, v0x55f4df55eed0_0, v0x55f4df55f7b0_0, v0x55f4df55efa0_0 {0 0 0};
    %pushi/vec4 0, 0, 2;
    %store/vec4 v0x55f4df55f7b0_0, 0, 2;
    %pushi/vec4 0, 0, 3;
    %store/vec4 v0x55f4df55efa0_0, 0, 3;
    %delay 20, 0;
    %pushi/vec4 1, 0, 2;
    %store/vec4 v0x55f4df55f7b0_0, 0, 2;
    %pushi/vec4 0, 0, 3;
    %store/vec4 v0x55f4df55efa0_0, 0, 3;
    %delay 20, 0;
    %pushi/vec4 2, 0, 2;
    %store/vec4 v0x55f4df55f7b0_0, 0, 2;
    %pushi/vec4 0, 0, 3;
    %store/vec4 v0x55f4df55efa0_0, 0, 3;
    %delay 20, 0;
    %pushi/vec4 3, 0, 2;
    %store/vec4 v0x55f4df55f7b0_0, 0, 2;
    %pushi/vec4 0, 0, 3;
    %store/vec4 v0x55f4df55efa0_0, 0, 3;
    %delay 20, 0;
    %pushi/vec4 0, 0, 2;
    %store/vec4 v0x55f4df55f7b0_0, 0, 2;
    %pushi/vec4 1, 0, 3;
    %store/vec4 v0x55f4df55efa0_0, 0, 3;
    %delay 20, 0;
    %pushi/vec4 1, 0, 2;
    %store/vec4 v0x55f4df55f7b0_0, 0, 2;
    %pushi/vec4 1, 0, 3;
    %store/vec4 v0x55f4df55efa0_0, 0, 3;
    %delay 20, 0;
    %pushi/vec4 2, 0, 2;
    %store/vec4 v0x55f4df55f7b0_0, 0, 2;
    %pushi/vec4 1, 0, 3;
    %store/vec4 v0x55f4df55efa0_0, 0, 3;
    %delay 20, 0;
    %pushi/vec4 3, 0, 2;
    %store/vec4 v0x55f4df55f7b0_0, 0, 2;
    %pushi/vec4 1, 0, 3;
    %store/vec4 v0x55f4df55efa0_0, 0, 3;
    %delay 20, 0;
    %pushi/vec4 0, 0, 2;
    %store/vec4 v0x55f4df55f7b0_0, 0, 2;
    %pushi/vec4 2, 0, 3;
    %store/vec4 v0x55f4df55efa0_0, 0, 3;
    %delay 20, 0;
    %pushi/vec4 1, 0, 2;
    %store/vec4 v0x55f4df55f7b0_0, 0, 2;
    %pushi/vec4 2, 0, 3;
    %store/vec4 v0x55f4df55efa0_0, 0, 3;
    %delay 20, 0;
    %pushi/vec4 2, 0, 2;
    %store/vec4 v0x55f4df55f7b0_0, 0, 2;
    %pushi/vec4 2, 0, 3;
    %store/vec4 v0x55f4df55efa0_0, 0, 3;
    %delay 20, 0;
    %pushi/vec4 3, 0, 2;
    %store/vec4 v0x55f4df55f7b0_0, 0, 2;
    %pushi/vec4 2, 0, 3;
    %store/vec4 v0x55f4df55efa0_0, 0, 3;
    %delay 20, 0;
    %pushi/vec4 0, 0, 2;
    %store/vec4 v0x55f4df55f7b0_0, 0, 2;
    %pushi/vec4 3, 0, 3;
    %store/vec4 v0x55f4df55efa0_0, 0, 3;
    %delay 20, 0;
    %pushi/vec4 1, 0, 2;
    %store/vec4 v0x55f4df55f7b0_0, 0, 2;
    %pushi/vec4 3, 0, 3;
    %store/vec4 v0x55f4df55efa0_0, 0, 3;
    %delay 20, 0;
    %pushi/vec4 2, 0, 2;
    %store/vec4 v0x55f4df55f7b0_0, 0, 2;
    %pushi/vec4 3, 0, 3;
    %store/vec4 v0x55f4df55efa0_0, 0, 3;
    %delay 20, 0;
    %pushi/vec4 3, 0, 2;
    %store/vec4 v0x55f4df55f7b0_0, 0, 2;
    %pushi/vec4 3, 0, 3;
    %store/vec4 v0x55f4df55efa0_0, 0, 3;
    %delay 20, 0;
    %pushi/vec4 0, 0, 2;
    %store/vec4 v0x55f4df55f7b0_0, 0, 2;
    %pushi/vec4 4, 0, 3;
    %store/vec4 v0x55f4df55efa0_0, 0, 3;
    %delay 20, 0;
    %pushi/vec4 1, 0, 2;
    %store/vec4 v0x55f4df55f7b0_0, 0, 2;
    %pushi/vec4 4, 0, 3;
    %store/vec4 v0x55f4df55efa0_0, 0, 3;
    %delay 20, 0;
    %pushi/vec4 2, 0, 2;
    %store/vec4 v0x55f4df55f7b0_0, 0, 2;
    %pushi/vec4 4, 0, 3;
    %store/vec4 v0x55f4df55efa0_0, 0, 3;
    %delay 20, 0;
    %pushi/vec4 3, 0, 2;
    %store/vec4 v0x55f4df55f7b0_0, 0, 2;
    %pushi/vec4 4, 0, 3;
    %store/vec4 v0x55f4df55efa0_0, 0, 3;
    %delay 20, 0;
    %pushi/vec4 0, 0, 2;
    %store/vec4 v0x55f4df55f7b0_0, 0, 2;
    %pushi/vec4 5, 0, 3;
    %store/vec4 v0x55f4df55efa0_0, 0, 3;
    %delay 20, 0;
    %pushi/vec4 1, 0, 2;
    %store/vec4 v0x55f4df55f7b0_0, 0, 2;
    %pushi/vec4 5, 0, 3;
    %store/vec4 v0x55f4df55efa0_0, 0, 3;
    %delay 20, 0;
    %pushi/vec4 2, 0, 2;
    %store/vec4 v0x55f4df55f7b0_0, 0, 2;
    %pushi/vec4 5, 0, 3;
    %store/vec4 v0x55f4df55efa0_0, 0, 3;
    %delay 20, 0;
    %pushi/vec4 3, 0, 2;
    %store/vec4 v0x55f4df55f7b0_0, 0, 2;
    %pushi/vec4 5, 0, 3;
    %store/vec4 v0x55f4df55efa0_0, 0, 3;
    %delay 20, 0;
    %pushi/vec4 0, 0, 2;
    %store/vec4 v0x55f4df55f7b0_0, 0, 2;
    %pushi/vec4 6, 0, 3;
    %store/vec4 v0x55f4df55efa0_0, 0, 3;
    %delay 20, 0;
    %pushi/vec4 1, 0, 2;
    %store/vec4 v0x55f4df55f7b0_0, 0, 2;
    %pushi/vec4 6, 0, 3;
    %store/vec4 v0x55f4df55efa0_0, 0, 3;
    %delay 20, 0;
    %pushi/vec4 2, 0, 2;
    %store/vec4 v0x55f4df55f7b0_0, 0, 2;
    %pushi/vec4 6, 0, 3;
    %store/vec4 v0x55f4df55efa0_0, 0, 3;
    %delay 20, 0;
    %pushi/vec4 3, 0, 2;
    %store/vec4 v0x55f4df55f7b0_0, 0, 2;
    %pushi/vec4 6, 0, 3;
    %store/vec4 v0x55f4df55efa0_0, 0, 3;
    %delay 20, 0;
    %pushi/vec4 0, 0, 2;
    %store/vec4 v0x55f4df55f7b0_0, 0, 2;
    %pushi/vec4 7, 0, 3;
    %store/vec4 v0x55f4df55efa0_0, 0, 3;
    %delay 20, 0;
    %pushi/vec4 1, 0, 2;
    %store/vec4 v0x55f4df55f7b0_0, 0, 2;
    %pushi/vec4 7, 0, 3;
    %store/vec4 v0x55f4df55efa0_0, 0, 3;
    %delay 20, 0;
    %pushi/vec4 2, 0, 2;
    %store/vec4 v0x55f4df55f7b0_0, 0, 2;
    %pushi/vec4 7, 0, 3;
    %store/vec4 v0x55f4df55efa0_0, 0, 3;
    %delay 20, 0;
    %pushi/vec4 3, 0, 2;
    %store/vec4 v0x55f4df55f7b0_0, 0, 2;
    %pushi/vec4 7, 0, 3;
    %store/vec4 v0x55f4df55efa0_0, 0, 3;
    %delay 20, 0;
    %vpi_call 2 101 "$finish" {0 0 0};
    %end;
    .thread T_2;
# The file index is used to find the file name in the following table.
:file_names 5;
    "N/A";
    "<interactive>";
    "multiplexerTest.v";
    "decoder.v";
    "multiplexer.v";
